
Showing logs for build [32mcb-kubecd-environment-pr-1093-1-qs4kd-1[0m stage [32mfrom-build-pack[0m and container [32mstep-credential-initializer-7brrx[0m
{"level":"warn","ts":1577375912.7356436,"logger":"fallback-logger","caller":"logging/config.go:69","msg":"Fetch GitHub commit ID from kodata failed: \"ref: refs/heads/master\" is not a valid GitHub commit ID"}
{"level":"info","ts":1577375912.736171,"logger":"fallback-logger","caller":"creds-init/main.go:40","msg":"Credentials initialized."}

Showing logs for build [32mcb-kubecd-environment-pr-1093-1-qs4kd-1[0m stage [32mfrom-build-pack[0m and container [32mstep-working-dir-initializer-s2wlj[0m
{"level":"warn","ts":1577375913.6325378,"logger":"fallback-logger","caller":"logging/config.go:69","msg":"Fetch GitHub commit ID from kodata failed: open /var/run/ko/HEAD: no such file or directory"}
{"level":"info","ts":1577375913.6404703,"logger":"fallback-logger","caller":"bash/main.go:65","msg":"Successfully executed command \"mkdir -p /workspace/source\""}

Showing logs for build [32mcb-kubecd-environment-pr-1093-1-qs4kd-1[0m stage [32mfrom-build-pack[0m and container [32mstep-place-tools[0m

Showing logs for build [32mcb-kubecd-environment-pr-1093-1-qs4kd-1[0m stage [32mfrom-build-pack[0m and container [32mstep-git-source-cb-kubecd-environment-pr-1093-1-tfchm[0m
{"level":"warn","ts":1577375939.7887492,"logger":"fallback-logger","caller":"logging/config.go:69","msg":"Fetch GitHub commit ID from kodata failed: \"ref: refs/heads/master\" is not a valid GitHub commit ID"}
{"level":"info","ts":1577375940.958817,"logger":"fallback-logger","caller":"git/git.go:102","msg":"Successfully cloned https://github.com/cb-kubecd/environment-pr-1093-18-bdd-frontend-staging.git @ master in path /workspace/source"}

Showing logs for build [32mcb-kubecd-environment-pr-1093-1-qs4kd-1[0m stage [32mfrom-build-pack[0m and container [32mstep-git-merge[0m
Using SHAs from PULL_REFS=master:085f010e2f3b6aa37834da716814cb0321985f02,1:10fe48c4255ac92a5329b20a833d25af7b3be00b
DEBUG: ran git fetch --unshallow origin 10fe48c4255ac92a5329b20a833d25af7b3be00b: 085f010e2f3b6aa37834da716814cb0321985f02: in 
DEBUG: ran git checkout master in 
DEBUG: ran git reset --hard 085f010e2f3b6aa37834da716814cb0321985f02 in 
DEBUG: ran clean --force -d . in 
DEBUG: ran git merge 10fe48c4255ac92a5329b20a833d25af7b3be00b in 
Merged SHA 10fe48c4255ac92a5329b20a833d25af7b3be00b with commit message 'chore: Promote bdd-nh-1577375117 to version 0.0.1' into base branch master

Showing logs for build [32mcb-kubecd-environment-pr-1093-1-qs4kd-1[0m stage [32mfrom-build-pack[0m and container [32mstep-build-helm-build[0m
WARNING: No $CHART_REPOSITORY defined so using the default value of: http://jenkins-x-chartmuseum:8080
Adding missing Helm repo: storage.googleapis.com https://storage.googleapis.com/chartmuseum.jenkins-x.io
WARNING: No secrets found on "helm/repos" due: reading the secret "helm/repos" from vault: no secret "helm/repos" not found in vault
Read credentials for https://storage.googleapis.com/chartmuseum.jenkins-x.io from vault helm/repos
Successfully added Helm repository storage.googleapis.com.
Adding missing Helm repo: jenkins-x-chartmuseum http://jenkins-x-chartmuseum:8080
WARNING: No secrets found on "helm/repos" due: reading the secret "helm/repos" from vault: no secret "helm/repos" not found in vault
Read credentials for http://jenkins-x-chartmuseum:8080 from vault helm/repos
Successfully added Helm repository jenkins-x-chartmuseum.
WARNING: No $CHART_REPOSITORY defined so using the default value of: http://jenkins-x-chartmuseum:8080
Adding missing Helm repo: chartmuseum.jenkins-x.io http://chartmuseum.jenkins-x.io
WARNING: No secrets found on "helm/repos" due: reading the secret "helm/repos" from vault: no secret "helm/repos" not found in vault
Read credentials for http://chartmuseum.jenkins-x.io from vault helm/repos
Successfully added Helm repository chartmuseum.jenkins-x.io.
